..\Dll\DSR.pdb
C:\Users\Upal\Desktop\Projects_9_32bits\Dynamic Clustering\Dll\DSR.exp
C:\Users\Upal\Desktop\Projects_9_32bits\Dynamic Clustering\Dll\DSR.lib
C:\USERS\UPAL\DESKTOP\PROJECTS_9_32BITS\DYNAMIC CLUSTERING\DLL\DSR.PDB
C:\USERS\UPAL\DESKTOP\PROJECTS_9_32BITS\DYNAMIC CLUSTERING\DLL\LIBDSR.DLL
C:\USERS\UPAL\DESKTOP\PROJECTS_9_32BITS\DYNAMIC CLUSTERING\DSR\DEBUG\CHECKROUTEFOUND.OBJ
C:\Users\Upal\Desktop\Projects_9_32bits\Dynamic Clustering\DSR\Debug\cl.command.1.tlog
C:\Users\Upal\Desktop\Projects_9_32bits\Dynamic Clustering\DSR\Debug\CL.read.1.tlog
C:\Users\Upal\Desktop\Projects_9_32bits\Dynamic Clustering\DSR\Debug\CL.write.1.tlog
C:\USERS\UPAL\DESKTOP\PROJECTS_9_32BITS\DYNAMIC CLUSTERING\DSR\DEBUG\DSR.DLL.INTERMEDIATE.MANIFEST
C:\USERS\UPAL\DESKTOP\PROJECTS_9_32BITS\DYNAMIC CLUSTERING\DSR\DEBUG\DSR.OBJ
C:\Users\Upal\Desktop\Projects_9_32bits\Dynamic Clustering\DSR\Debug\DSR.write.1.tlog
C:\USERS\UPAL\DESKTOP\PROJECTS_9_32BITS\DYNAMIC CLUSTERING\DSR\DEBUG\DYNAMIC_CLUSTERING.OBJ
C:\Users\Upal\Desktop\Projects_9_32bits\Dynamic Clustering\DSR\Debug\link.6212.read.1.tlog
C:\Users\Upal\Desktop\Projects_9_32bits\Dynamic Clustering\DSR\Debug\link.6212.write.1.tlog
C:\Users\Upal\Desktop\Projects_9_32bits\Dynamic Clustering\DSR\Debug\link.command.1.tlog
C:\Users\Upal\Desktop\Projects_9_32bits\Dynamic Clustering\DSR\Debug\link.read.1.tlog
C:\Users\Upal\Desktop\Projects_9_32bits\Dynamic Clustering\DSR\Debug\link.write.1.tlog
C:\USERS\UPAL\DESKTOP\PROJECTS_9_32BITS\DYNAMIC CLUSTERING\DSR\DEBUG\MAINTBUFFER.OBJ
C:\USERS\UPAL\DESKTOP\PROJECTS_9_32BITS\DYNAMIC CLUSTERING\DSR\DEBUG\MATLAB_INTERFACE.OBJ
C:\Users\Upal\Desktop\Projects_9_32bits\Dynamic Clustering\DSR\Debug\mt.command.1.tlog
C:\Users\Upal\Desktop\Projects_9_32bits\Dynamic Clustering\DSR\Debug\mt.read.1.tlog
C:\Users\Upal\Desktop\Projects_9_32bits\Dynamic Clustering\DSR\Debug\mt.write.1.tlog
C:\USERS\UPAL\DESKTOP\PROJECTS_9_32BITS\DYNAMIC CLUSTERING\DSR\DEBUG\NETWORK_LAYER_ACK.OBJ
C:\USERS\UPAL\DESKTOP\PROJECTS_9_32BITS\DYNAMIC CLUSTERING\DSR\DEBUG\PACKETPROCESSING.OBJ
C:\USERS\UPAL\DESKTOP\PROJECTS_9_32BITS\DYNAMIC CLUSTERING\DSR\DEBUG\ROUTECACHE.OBJ
C:\USERS\UPAL\DESKTOP\PROJECTS_9_32BITS\DYNAMIC CLUSTERING\DSR\DEBUG\ROUTEERROR.OBJ
C:\USERS\UPAL\DESKTOP\PROJECTS_9_32BITS\DYNAMIC CLUSTERING\DSR\DEBUG\ROUTEREPLY.OBJ
C:\USERS\UPAL\DESKTOP\PROJECTS_9_32BITS\DYNAMIC CLUSTERING\DSR\DEBUG\ROUTEREQUEST.OBJ
C:\USERS\UPAL\DESKTOP\PROJECTS_9_32BITS\DYNAMIC CLUSTERING\DSR\DEBUG\SENDBUFFER.OBJ
C:\USERS\UPAL\DESKTOP\PROJECTS_9_32BITS\DYNAMIC CLUSTERING\DSR\DEBUG\SOURCEROUTE.OBJ
C:\Users\Upal\Desktop\Projects_9_32bits\Dynamic Clustering\DSR\Debug\vc100.idb
C:\USERS\UPAL\DESKTOP\PROJECTS_9_32BITS\DYNAMIC CLUSTERING\DSR\DEBUG\VC100.PDB
